mode: atomic
github.com/chanzuckerberg/happy/hvm/cmd/download.go:23.13,30.2 6 0
github.com/chanzuckerberg/happy/hvm/cmd/download.go:32.63,45.16 9 0
github.com/chanzuckerberg/happy/hvm/cmd/download.go:45.16,47.3 1 0
github.com/chanzuckerberg/happy/hvm/cmd/download.go:49.2,50.12 2 0
github.com/chanzuckerberg/happy/hvm/cmd/env.go:26.13,29.2 1 0
github.com/chanzuckerberg/happy/hvm/cmd/env.go:38.63,41.16 2 0
github.com/chanzuckerberg/happy/hvm/cmd/env.go:41.16,43.3 1 0
github.com/chanzuckerberg/happy/hvm/cmd/env.go:45.2,51.16 5 0
github.com/chanzuckerberg/happy/hvm/cmd/env.go:51.16,57.3 2 0
github.com/chanzuckerberg/happy/hvm/cmd/env.go:57.8,61.57 2 0
github.com/chanzuckerberg/happy/hvm/cmd/env.go:61.57,64.4 2 0
github.com/chanzuckerberg/happy/hvm/cmd/env.go:66.3,67.17 2 0
github.com/chanzuckerberg/happy/hvm/cmd/env.go:67.17,73.4 2 0
github.com/chanzuckerberg/happy/hvm/cmd/env.go:75.3,77.41 2 0
github.com/chanzuckerberg/happy/hvm/cmd/env.go:77.41,87.22 4 0
github.com/chanzuckerberg/happy/hvm/cmd/env.go:87.22,89.5 1 0
github.com/chanzuckerberg/happy/hvm/cmd/env.go:91.4,93.53 2 0
github.com/chanzuckerberg/happy/hvm/cmd/env.go:93.53,97.53 2 0
github.com/chanzuckerberg/happy/hvm/cmd/env.go:97.53,100.20 3 0
github.com/chanzuckerberg/happy/hvm/cmd/env.go:100.20,103.7 2 0
github.com/chanzuckerberg/happy/hvm/cmd/env.go:104.11,106.6 1 0
github.com/chanzuckerberg/happy/hvm/cmd/env.go:110.4,110.47 1 0
github.com/chanzuckerberg/happy/hvm/cmd/env.go:112.3,112.48 1 0
github.com/chanzuckerberg/happy/hvm/cmd/env.go:116.2,117.12 2 0
github.com/chanzuckerberg/happy/hvm/cmd/env.go:121.77,126.39 3 0
github.com/chanzuckerberg/happy/hvm/cmd/env.go:126.39,127.53 1 0
github.com/chanzuckerberg/happy/hvm/cmd/env.go:127.53,129.4 1 0
github.com/chanzuckerberg/happy/hvm/cmd/env.go:132.2,132.41 1 0
github.com/chanzuckerberg/happy/hvm/cmd/install.go:23.13,31.2 5 0
github.com/chanzuckerberg/happy/hvm/cmd/install.go:33.62,44.16 7 0
github.com/chanzuckerberg/happy/hvm/cmd/install.go:44.16,46.3 1 0
github.com/chanzuckerberg/happy/hvm/cmd/install.go:48.2,50.98 2 0
github.com/chanzuckerberg/happy/hvm/cmd/list-releases.go:20.13,24.2 3 0
github.com/chanzuckerberg/happy/hvm/cmd/list-releases.go:26.60,34.16 5 0
github.com/chanzuckerberg/happy/hvm/cmd/list-releases.go:34.16,36.3 1 0
github.com/chanzuckerberg/happy/hvm/cmd/list-releases.go:38.2,38.35 1 0
github.com/chanzuckerberg/happy/hvm/cmd/list-releases.go:38.35,40.3 1 0
github.com/chanzuckerberg/happy/hvm/cmd/list-releases.go:42.2,42.12 1 0
github.com/chanzuckerberg/happy/hvm/cmd/lock.go:19.13,23.2 3 0
github.com/chanzuckerberg/happy/hvm/cmd/lock.go:25.55,32.16 5 0
github.com/chanzuckerberg/happy/hvm/cmd/lock.go:32.16,34.3 1 0
github.com/chanzuckerberg/happy/hvm/cmd/lock.go:36.2,40.16 3 0
github.com/chanzuckerberg/happy/hvm/cmd/lock.go:40.16,42.3 1 0
github.com/chanzuckerberg/happy/hvm/cmd/lock.go:44.2,44.55 1 0
github.com/chanzuckerberg/happy/hvm/cmd/lock.go:44.55,46.17 2 0
github.com/chanzuckerberg/happy/hvm/cmd/lock.go:46.17,48.4 1 0
github.com/chanzuckerberg/happy/hvm/cmd/lock.go:51.2,55.16 4 0
github.com/chanzuckerberg/happy/hvm/cmd/lock.go:55.16,57.3 1 0
github.com/chanzuckerberg/happy/hvm/cmd/lock.go:59.2,61.12 2 0
github.com/chanzuckerberg/happy/hvm/cmd/root.go:20.16,22.16 2 0
github.com/chanzuckerberg/happy/hvm/cmd/root.go:22.16,24.3 1 0
github.com/chanzuckerberg/happy/hvm/cmd/root.go:27.14,29.2 0 0
github.com/chanzuckerberg/happy/hvm/cmd/set-default.go:19.13,23.2 3 0
github.com/chanzuckerberg/happy/hvm/cmd/set-default.go:25.65,32.16 5 0
github.com/chanzuckerberg/happy/hvm/cmd/set-default.go:32.16,34.3 1 0
github.com/chanzuckerberg/happy/hvm/cmd/set-default.go:36.2,36.12 1 0
github.com/chanzuckerberg/happy/hvm/cmd/version.go:20.13,22.2 1 0
github.com/chanzuckerberg/happy/hvm/cmd/version.go:24.61,28.2 3 0
github.com/chanzuckerberg/happy/hvm/config/config.go:14.41,17.16 2 0
github.com/chanzuckerberg/happy/hvm/config/config.go:17.16,19.3 1 0
github.com/chanzuckerberg/happy/hvm/config/config.go:21.2,23.55 2 0
github.com/chanzuckerberg/happy/hvm/config/config.go:23.55,25.3 1 0
github.com/chanzuckerberg/happy/hvm/config/config.go:27.2,28.16 2 0
github.com/chanzuckerberg/happy/hvm/config/config.go:28.16,30.3 1 0
github.com/chanzuckerberg/happy/hvm/config/config.go:31.2,38.16 4 0
github.com/chanzuckerberg/happy/hvm/config/config.go:38.16,40.3 1 0
github.com/chanzuckerberg/happy/hvm/config/config.go:44.2,44.20 1 0
github.com/chanzuckerberg/happy/hvm/installer/install.go:14.100,19.16 3 0
github.com/chanzuckerberg/happy/hvm/installer/install.go:19.16,21.3 1 0
github.com/chanzuckerberg/happy/hvm/installer/install.go:23.2,25.16 2 0
github.com/chanzuckerberg/happy/hvm/installer/install.go:25.16,27.3 1 0
github.com/chanzuckerberg/happy/hvm/installer/install.go:29.2,29.12 1 0
github.com/chanzuckerberg/happy/hvm/installer/install.go:32.78,35.16 2 0
github.com/chanzuckerberg/happy/hvm/installer/install.go:35.16,37.3 1 0
github.com/chanzuckerberg/happy/hvm/installer/install.go:39.2,44.16 5 0
github.com/chanzuckerberg/happy/hvm/installer/install.go:44.16,46.3 1 0
github.com/chanzuckerberg/happy/hvm/installer/install.go:48.2,48.12 1 0
github.com/chanzuckerberg/happy/hvm/linkManager/set_bin_link.go:13.53,16.16 2 0
github.com/chanzuckerberg/happy/hvm/linkManager/set_bin_link.go:16.16,18.3 1 0
github.com/chanzuckerberg/happy/hvm/linkManager/set_bin_link.go:20.2,24.16 4 0
github.com/chanzuckerberg/happy/hvm/linkManager/set_bin_link.go:24.16,26.3 1 0
github.com/chanzuckerberg/happy/hvm/linkManager/set_bin_link.go:28.2,28.57 1 0
github.com/chanzuckerberg/happy/hvm/linkManager/set_bin_link.go:28.57,30.3 1 0
github.com/chanzuckerberg/happy/hvm/linkManager/set_bin_link.go:34.2,35.16 2 0
github.com/chanzuckerberg/happy/hvm/linkManager/set_bin_link.go:35.16,37.3 1 0
github.com/chanzuckerberg/happy/hvm/linkManager/set_bin_link.go:39.2,41.29 2 0
github.com/chanzuckerberg/happy/hvm/linkManager/set_bin_link.go:41.29,42.19 1 0
github.com/chanzuckerberg/happy/hvm/linkManager/set_bin_link.go:42.19,43.12 1 0
github.com/chanzuckerberg/happy/hvm/linkManager/set_bin_link.go:46.3,47.17 2 0
github.com/chanzuckerberg/happy/hvm/linkManager/set_bin_link.go:47.17,49.4 1 0
github.com/chanzuckerberg/happy/hvm/linkManager/set_bin_link.go:51.3,53.51 2 0
github.com/chanzuckerberg/happy/hvm/linkManager/set_bin_link.go:53.51,55.12 2 0
github.com/chanzuckerberg/happy/hvm/linkManager/set_bin_link.go:58.3,65.17 5 0
github.com/chanzuckerberg/happy/hvm/linkManager/set_bin_link.go:65.17,67.4 1 0
github.com/chanzuckerberg/happy/hvm/linkManager/set_bin_link.go:71.2,71.12 1 0
